0it [00:00, ?it/s]1it [01:44, 104.07s/it]2it [03:23, 102.70s/it]3it [04:58, 100.49s/it]4it [06:52, 104.29s/it]5it [07:58, 92.85s/it] 6it [09:32, 93.18s/it]7it [11:23, 98.56s/it]8it [13:04, 99.38s/it]9it [14:44, 99.53s/it]10it [16:19, 98.07s/it]11it [18:01, 99.41s/it]12it [19:45, 100.65s/it]13it [21:26, 100.72s/it]14it [22:58, 98.32s/it] 15it [24:39, 98.90s/it]16it [26:20, 99.77s/it]17it [28:02, 100.32s/it]18it [29:40, 99.55s/it] 19it [31:15, 98.38s/it]20it [32:44, 95.39s/it]21it [34:34, 99.73s/it]22it [36:14, 99.83s/it]23it [37:49, 98.47s/it]24it [39:05, 91.59s/it]25it [40:46, 94.42s/it]26it [42:06, 90.27s/it]27it [43:47, 93.54s/it]28it [44:58, 86.71s/it]29it [46:40, 91.12s/it]30it [48:19, 93.73s/it]31it [49:52, 93.29s/it]32it [51:05, 87.47s/it]33it [52:23, 84.47s/it]34it [54:02, 88.88s/it]35it [55:40, 91.52s/it]36it [57:20, 94.20s/it]37it [59:04, 97.05s/it]38it [1:00:46, 98.49s/it]39it [1:02:36, 101.89s/it]40it [1:03:51, 94.02s/it] 41it [1:05:34, 96.61s/it]42it [1:07:15, 98.08s/it]43it [1:08:56, 98.94s/it]44it [1:10:08, 90.85s/it]45it [1:11:22, 85.60s/it]46it [1:12:35, 81.86s/it]47it [1:14:14, 86.90s/it]48it [1:16:03, 93.60s/it]49it [1:17:56, 99.44s/it]50it [1:19:39, 100.51s/it]51it [1:21:25, 102.11s/it]52it [1:23:06, 101.92s/it]53it [1:24:22, 94.08s/it] 54it [1:25:37, 88.50s/it]55it [1:26:53, 84.51s/it]56it [1:28:35, 89.73s/it]57it [1:30:15, 92.91s/it]58it [1:32:00, 96.56s/it]59it [1:33:35, 96.26s/it]60it [1:35:14, 97.04s/it]61it [1:36:49, 96.42s/it]62it [1:38:26, 96.40s/it]63it [1:40:02, 96.52s/it]64it [1:41:42, 97.38s/it]65it [1:43:25, 99.07s/it]66it [1:45:07, 99.85s/it]67it [1:46:46, 99.74s/it]68it [1:48:16, 96.68s/it]69it [1:49:54, 97.35s/it]70it [1:51:43, 100.78s/it]71it [1:53:28, 101.85s/it]72it [1:55:02, 99.58s/it] 73it [1:56:37, 98.37s/it]74it [1:58:18, 98.94s/it]75it [1:59:39, 93.54s/it]76it [2:01:14, 94.12s/it]77it [2:02:53, 95.56s/it]78it [2:04:34, 97.26s/it]79it [2:06:17, 99.00s/it]80it [2:08:02, 100.81s/it]81it [2:09:44, 101.09s/it]82it [2:11:12, 97.21s/it] 83it [2:12:58, 99.83s/it]84it [2:14:37, 99.66s/it]85it [2:16:26, 102.31s/it]86it [2:18:07, 101.82s/it]87it [2:19:46, 101.00s/it]88it [2:21:25, 100.57s/it]89it [2:22:45, 94.26s/it] 90it [2:24:22, 95.07s/it]91it [2:25:59, 95.85s/it]92it [2:27:36, 96.11s/it]93it [2:28:53, 90.40s/it]94it [2:30:29, 92.15s/it]95it [2:32:06, 93.59s/it]96it [2:33:48, 95.98s/it]97it [2:35:27, 96.79s/it]98it [2:36:48, 92.14s/it]99it [2:38:34, 96.22s/it]100it [2:40:09, 96.07s/it]101it [2:41:40, 94.56s/it]102it [2:43:02, 90.52s/it]103it [2:44:40, 93.01s/it]104it [2:46:07, 91.02s/it]105it [2:47:28, 88.21s/it]106it [2:49:12, 92.87s/it]107it [2:50:54, 95.49s/it]108it [2:52:35, 97.22s/it]109it [2:54:21, 99.87s/it]110it [2:55:46, 95.48s/it]111it [2:57:30, 98.07s/it]112it [2:59:04, 96.77s/it]113it [3:00:49, 99.17s/it]114it [3:02:10, 93.77s/it]115it [3:03:49, 95.42s/it]116it [3:05:15, 92.42s/it]117it [3:06:32, 87.81s/it]118it [3:08:12, 91.65s/it]119it [3:09:34, 88.67s/it]120it [3:11:10, 90.81s/it]121it [3:12:53, 94.64s/it]122it [3:14:39, 97.76s/it]123it [3:16:23, 99.87s/it]124it [3:18:04, 99.96s/it]125it [3:19:48, 101.29s/it]126it [3:21:33, 102.32s/it]127it [3:23:02, 98.29s/it] 128it [3:24:38, 97.71s/it]129it [3:26:19, 98.77s/it]130it [3:27:55, 97.96s/it]131it [3:29:31, 97.26s/it]132it [3:31:10, 97.90s/it]133it [3:32:25, 91.10s/it]134it [3:34:17, 97.29s/it]135it [3:36:02, 99.48s/it]136it [3:37:41, 99.40s/it]137it [3:39:18, 98.81s/it]138it [3:40:59, 99.23s/it]139it [3:42:41, 100.32s/it]140it [3:44:12, 97.49s/it] 141it [3:45:41, 94.81s/it]142it [3:47:21, 96.49s/it]143it [3:49:01, 97.56s/it]144it [3:50:42, 98.51s/it]145it [3:52:23, 99.26s/it]146it [3:54:00, 98.53s/it]147it [3:55:36, 97.84s/it]148it [3:57:23, 100.44s/it]149it [3:58:59, 99.22s/it] 150it [4:00:32, 97.43s/it]151it [4:02:12, 98.17s/it]152it [4:03:53, 98.93s/it]153it [4:05:15, 93.74s/it]154it [4:06:53, 95.16s/it]155it [4:08:37, 97.67s/it]156it [4:09:51, 90.81s/it]157it [4:11:31, 93.53s/it]158it [4:12:53, 90.11s/it]159it [4:14:33, 92.88s/it]160it [4:16:17, 96.34s/it]161it [4:18:05, 99.67s/it]162it [4:19:35, 96.98s/it]163it [4:21:18, 98.80s/it]164it [4:22:39, 93.26s/it]165it [4:24:12, 93.19s/it]166it [4:25:48, 94.17s/it]167it [4:27:35, 98.10s/it]168it [4:29:23, 101.05s/it]169it [4:31:01, 100.11s/it]170it [4:32:41, 100.12s/it]171it [4:34:42, 106.25s/it]172it [4:36:28, 106.29s/it]173it [4:38:02, 102.43s/it]174it [4:39:58, 106.68s/it]175it [4:41:45, 106.62s/it]176it [4:43:37, 108.34s/it]177it [4:45:24, 107.95s/it]178it [4:47:19, 110.07s/it]179it [4:48:55, 105.85s/it]180it [4:50:35, 103.94s/it]181it [4:52:08, 100.82s/it]182it [4:54:01, 104.27s/it]183it [4:55:57, 107.88s/it]184it [4:57:47, 108.49s/it]185it [4:59:46, 111.73s/it]186it [5:01:18, 105.88s/it]187it [5:03:17, 109.72s/it]188it [5:05:20, 113.60s/it]189it [5:07:16, 114.33s/it]190it [5:09:14, 115.52s/it]191it [5:11:04, 113.93s/it]192it [5:13:43, 127.38s/it]193it [5:15:40, 124.39s/it]194it [5:17:39, 122.66s/it]Traceback (most recent call last):
  File "/sw/centos/anaconda3/5.0.1/lib/python3.6/site-packages/urllib3/connectionpool.py", line 601, in urlopen
    chunked=chunked)
  File "/sw/centos/anaconda3/5.0.1/lib/python3.6/site-packages/urllib3/connectionpool.py", line 387, in _make_request
    six.raise_from(e, None)
  File "<string>", line 2, in raise_from
  File "/sw/centos/anaconda3/5.0.1/lib/python3.6/site-packages/urllib3/connectionpool.py", line 383, in _make_request
    httplib_response = conn.getresponse()
  File "/sw/centos/anaconda3/5.0.1/lib/python3.6/http/client.py", line 1331, in getresponse
    response.begin()
  File "/sw/centos/anaconda3/5.0.1/lib/python3.6/http/client.py", line 297, in begin
    version, status, reason = self._read_status()
  File "/sw/centos/anaconda3/5.0.1/lib/python3.6/http/client.py", line 266, in _read_status
    raise RemoteDisconnected("Remote end closed connection without"
http.client.RemoteDisconnected: Remote end closed connection without response

During handling of the above exception, another exception occurred:

Traceback (most recent call last):
  File "/sw/centos/anaconda3/5.0.1/lib/python3.6/site-packages/requests/adapters.py", line 440, in send
    timeout=timeout
  File "/sw/centos/anaconda3/5.0.1/lib/python3.6/site-packages/urllib3/connectionpool.py", line 639, in urlopen
    _stacktrace=sys.exc_info()[2])
  File "/sw/centos/anaconda3/5.0.1/lib/python3.6/site-packages/urllib3/util/retry.py", line 357, in increment
    raise six.reraise(type(error), error, _stacktrace)
  File "/sw/centos/anaconda3/5.0.1/lib/python3.6/site-packages/urllib3/packages/six.py", line 685, in reraise
    raise value.with_traceback(tb)
  File "/sw/centos/anaconda3/5.0.1/lib/python3.6/site-packages/urllib3/connectionpool.py", line 601, in urlopen
    chunked=chunked)
  File "/sw/centos/anaconda3/5.0.1/lib/python3.6/site-packages/urllib3/connectionpool.py", line 387, in _make_request
    six.raise_from(e, None)
  File "<string>", line 2, in raise_from
  File "/sw/centos/anaconda3/5.0.1/lib/python3.6/site-packages/urllib3/connectionpool.py", line 383, in _make_request
    httplib_response = conn.getresponse()
  File "/sw/centos/anaconda3/5.0.1/lib/python3.6/http/client.py", line 1331, in getresponse
    response.begin()
  File "/sw/centos/anaconda3/5.0.1/lib/python3.6/http/client.py", line 297, in begin
    version, status, reason = self._read_status()
  File "/sw/centos/anaconda3/5.0.1/lib/python3.6/http/client.py", line 266, in _read_status
    raise RemoteDisconnected("Remote end closed connection without"
urllib3.exceptions.ProtocolError: ('Connection aborted.', RemoteDisconnected('Remote end closed connection without response',))

During handling of the above exception, another exception occurred:

Traceback (most recent call last):
  File "/u/as3ek/github/reversible-meme/scripts/caption_crawler.py", line 61, in <module>
    source_code = requests.get(url)
  File "/sw/centos/anaconda3/5.0.1/lib/python3.6/site-packages/requests/api.py", line 72, in get
    return request('get', url, params=params, **kwargs)
  File "/sw/centos/anaconda3/5.0.1/lib/python3.6/site-packages/requests/api.py", line 58, in request
    return session.request(method=method, url=url, **kwargs)
  File "/sw/centos/anaconda3/5.0.1/lib/python3.6/site-packages/requests/sessions.py", line 508, in request
    resp = self.send(prep, **send_kwargs)
  File "/sw/centos/anaconda3/5.0.1/lib/python3.6/site-packages/requests/sessions.py", line 618, in send
    r = adapter.send(request, **kwargs)
  File "/sw/centos/anaconda3/5.0.1/lib/python3.6/site-packages/requests/adapters.py", line 490, in send
    raise ConnectionError(err, request=request)
requests.exceptions.ConnectionError: ('Connection aborted.', RemoteDisconnected('Remote end closed connection without response',))

